<?xml version="1.0" encoding="UTF-8"?>
<!-- Generated by org.testng.reporters.JUnitReportReporter -->
<testsuite skipped="0" hostname="LAPTOP-N98O9MGL" name="com.test1.Example1" tests="1" failures="0" timestamp="04 Jul 2021 05:24:12 GMT" time="15.289" errors="0">
  <testcase name="browserOpen" time="15.289" classname="com.test1.Example1"/>
</testsuite> <!-- com.test1.Example1 -->
